<?xml version="1.0" encoding="UTF-8"?>
<!-- Generated by org.testng.reporters.JUnitReportReporter -->
<testsuite hostname="DESKTOP-3C9HAJ0" failures="0" tests="1" name="GroupSender.Category1" time="1164.936" errors="0" timestamp="2022-10-23T18:47:44 IST" skipped="0">
  <testcase classname="GroupSender.Category1" name="familyRelationship" time="1164.936"/>
  <system-out/>
</testsuite> <!-- GroupSender.Category1 -->
